# JRE version: OpenJDK Runtime Environment Temurin-21.0.12.1+1 (21.0.12.1+1) (build 21.0.12.1+1-LTS)
# Java VM: OpenJDK 64-Bit Server VM Temurin-21.0.12.1+1 (21.0.12.1+1-LTS, mixed mode, sharing, tiered, compressed class ptrs, parallel gc, windows-amd64)
GC Precious Log:
 CardTable entry size: 512
 CPUs: 2 total, 2 available
 Memory: 3737M
 Large Page Support: Disabled
 NUMA Support: Disabled
 Compressed Oops: Disabled
 Alignments: Space 512K, Generation 512K, Heap 2M
 Heap Min Capacity: 100M
 Heap Initial Capacity: 100M
 Heap Max Capacity: 128G
 Pre-touch: Disabled
 Parallel Workers: 2
Heap:
 PSYoungGen      total 29696K, used 25097K [0x0000026809180000, 0x000002680b280000, 0x00000272b3c00000)
  eden space 25600K, 82% used [0x0000026809180000,0x000002680a606638,0x000002680aa80000)
  from space 4096K, 99% used [0x000002680ae80000,0x000002680b27c148,0x000002680b280000)
  to   space 4096K, 0% used [0x000002680aa80000,0x000002680aa80000,0x000002680ae80000)
 ParOldGen       total 68608K, used 3501K [0x00000252b3c00000, 0x00000252b7f00000, 0x0000026809180000)
  object space 68608K, 5% used [0x00000252b3c00000,0x00000252b3f6b630,0x00000252b7f00000)
 Metaspace       used 9455K, committed 9792K, reserved 1114112K
  class space    used 1010K, committed 1152K, reserved 1048576K
GC Heap History (4 events):
Event: 6.055 GC heap before
{Heap before GC invocations=1 (full 0):
 PSYoungGen      total 29696K, used 25600K [0x0000026809180000, 0x000002680b280000, 0x00000272b3c00000)
  eden space 25600K, 100% used [0x0000026809180000,0x000002680aa80000,0x000002680aa80000)
  from space 4096K, 0% used [0x000002680ae80000,0x000002680ae80000,0x000002680b280000)
  to   space 4096K, 0% used [0x000002680aa80000,0x000002680aa80000,0x000002680ae80000)
 ParOldGen       total 68608K, used 0K [0x00000252b3c00000, 0x00000252b7f00000, 0x0000026809180000)
  object space 68608K, 0% used [0x00000252b3c00000,0x00000252b3c00000,0x00000252b7f00000)
 Metaspace       used 4194K, committed 4480K, reserved 1114112K
  class space    used 459K, committed 576K, reserved 1048576K
}
Event: 6.089 GC heap after
{Heap after GC invocations=1 (full 0):
 PSYoungGen      total 29696K, used 4018K [0x0000026809180000, 0x000002680b280000, 0x00000272b3c00000)
  eden space 25600K, 0% used [0x0000026809180000,0x0000026809180000,0x000002680aa80000)
  from space 4096K, 98% used [0x000002680aa80000,0x000002680ae6c9a0,0x000002680ae80000)
  to   space 4096K, 0% used [0x000002680ae80000,0x000002680ae80000,0x000002680b280000)
 ParOldGen       total 68608K, used 0K [0x00000252b3c00000, 0x00000252b7f00000, 0x0000026809180000)
  object space 68608K, 0% used [0x00000252b3c00000,0x00000252b3c00000,0x00000252b7f00000)
 Metaspace       used 4194K, committed 4480K, reserved 1114112K
  class space    used 459K, committed 576K, reserved 1048576K
}
Event: 9.138 GC heap before
{Heap before GC invocations=2 (full 0):
 PSYoungGen      total 29696K, used 29618K [0x0000026809180000, 0x000002680b280000, 0x00000272b3c00000)
  eden space 25600K, 100% used [0x0000026809180000,0x000002680aa80000,0x000002680aa80000)
  from space 4096K, 98% used [0x000002680aa80000,0x000002680ae6c9a0,0x000002680ae80000)
  to   space 4096K, 0% used [0x000002680ae80000,0x000002680ae80000,0x000002680b280000)
 ParOldGen       total 68608K, used 0K [0x00000252b3c00000, 0x00000252b7f00000, 0x0000026809180000)
  object space 68608K, 0% used [0x00000252b3c00000,0x00000252b3c00000,0x00000252b7f00000)
 Metaspace       used 7389K, committed 7680K, reserved 1114112K
  class space    used 749K, committed 896K, reserved 1048576K
}
Event: 9.159 GC heap after
{Heap after GC invocations=2 (full 0):
 PSYoungGen      total 29696K, used 4080K [0x0000026809180000, 0x000002680b280000, 0x00000272b3c00000)
  eden space 25600K, 0% used [0x0000026809180000,0x0000026809180000,0x000002680aa80000)
  from space 4096K, 99% used [0x000002680ae80000,0x000002680b27c148,0x000002680b280000)
  to   space 4096K, 0% used [0x000002680aa80000,0x000002680aa80000,0x000002680ae80000)
 ParOldGen       total 68608K, used 3501K [0x00000252b3c00000, 0x00000252b7f00000, 0x0000026809180000)
  object space 68608K, 5% used [0x00000252b3c00000,0x00000252b3f6b630,0x00000252b7f00000)
 Metaspace       used 7389K, committed 7680K, reserved 1114112K
  class space    used 749K, committed 896K, reserved 1048576K
}

