# JRE version: OpenJDK Runtime Environment Temurin-21.0.12.1+1 (21.0.12.1+1) (build 21.0.12.1+1-LTS)
# Java VM: OpenJDK 64-Bit Server VM Temurin-21.0.12.1+1 (21.0.12.1+1-LTS, mixed mode, sharing, tiered, compressed class ptrs, parallel gc, windows-amd64)
GC Precious Log:
 CardTable entry size: 512
 CPUs: 2 total, 2 available
 Memory: 3737M
 Large Page Support: Disabled
 NUMA Support: Disabled
 Compressed Oops: Disabled
 Alignments: Space 512K, Generation 512K, Heap 2M
 Heap Min Capacity: 100M
 Heap Initial Capacity: 100M
 Heap Max Capacity: 128G
 Pre-touch: Disabled
 Parallel Workers: 2
Heap:
 PSYoungGen      total 29696K, used 11613K [0x0000016782b80000, 0x0000016784c80000, 0x000001722d600000)
  eden space 25600K, 29% used [0x0000016782b80000,0x00000167832ddf08,0x0000016784480000)
  from space 4096K, 99% used [0x0000016784480000,0x0000016784879570,0x0000016784880000)
  to   space 4096K, 0% used [0x0000016784880000,0x0000016784880000,0x0000016784c80000)
 ParOldGen       total 68608K, used 8596K [0x000001522d600000, 0x0000015231900000, 0x0000016782b80000)
  object space 68608K, 12% used [0x000001522d600000,0x000001522de652a0,0x0000015231900000)
 Metaspace       used 19102K, committed 19840K, reserved 1114112K
  class space    used 1911K, committed 2240K, reserved 1048576K
GC Heap History (10 events):
Event: 4.444 GC heap before
{Heap before GC invocations=1 (full 0):
 PSYoungGen      total 29696K, used 25600K [0x0000016782b80000, 0x0000016784c80000, 0x000001722d600000)
  eden space 25600K, 100% used [0x0000016782b80000,0x0000016784480000,0x0000016784480000)
  from space 4096K, 0% used [0x0000016784880000,0x0000016784880000,0x0000016784c80000)
  to   space 4096K, 0% used [0x0000016784480000,0x0000016784480000,0x0000016784880000)
 ParOldGen       total 68608K, used 0K [0x000001522d600000, 0x0000015231900000, 0x0000016782b80000)
  object space 68608K, 0% used [0x000001522d600000,0x000001522d600000,0x0000015231900000)
 Metaspace       used 4187K, committed 4480K, reserved 1114112K
  class space    used 458K, committed 576K, reserved 1048576K
}
Event: 4.466 GC heap after
{Heap after GC invocations=1 (full 0):
 PSYoungGen      total 29696K, used 3938K [0x0000016782b80000, 0x0000016784c80000, 0x000001722d600000)
  eden space 25600K, 0% used [0x0000016782b80000,0x0000016782b80000,0x0000016784480000)
  from space 4096K, 96% used [0x0000016784480000,0x00000167848589b0,0x0000016784880000)
  to   space 4096K, 0% used [0x0000016784880000,0x0000016784880000,0x0000016784c80000)
 ParOldGen       total 68608K, used 0K [0x000001522d600000, 0x0000015231900000, 0x0000016782b80000)
  object space 68608K, 0% used [0x000001522d600000,0x000001522d600000,0x0000015231900000)
 Metaspace       used 4187K, committed 4480K, reserved 1114112K
  class space    used 458K, committed 576K, reserved 1048576K
}
Event: 7.330 GC heap before
{Heap before GC invocations=2 (full 0):
 PSYoungGen      total 29696K, used 29538K [0x0000016782b80000, 0x0000016784c80000, 0x000001722d600000)
  eden space 25600K, 100% used [0x0000016782b80000,0x0000016784480000,0x0000016784480000)
  from space 4096K, 96% used [0x0000016784480000,0x00000167848589b0,0x0000016784880000)
  to   space 4096K, 0% used [0x0000016784880000,0x0000016784880000,0x0000016784c80000)
 ParOldGen       total 68608K, used 0K [0x000001522d600000, 0x0000015231900000, 0x0000016782b80000)
  object space 68608K, 0% used [0x000001522d600000,0x000001522d600000,0x0000015231900000)
 Metaspace       used 7609K, committed 7872K, reserved 1114112K
  class space    used 788K, committed 896K, reserved 1048576K
}
Event: 7.346 GC heap after
{Heap after GC invocations=2 (full 0):
 PSYoungGen      total 29696K, used 4086K [0x0000016782b80000, 0x0000016784c80000, 0x000001722d600000)
  eden space 25600K, 0% used [0x0000016782b80000,0x0000016782b80000,0x0000016784480000)
  from space 4096K, 99% used [0x0000016784880000,0x0000016784c7d810,0x0000016784c80000)
  to   space 4096K, 0% used [0x0000016784480000,0x0000016784480000,0x0000016784880000)
 ParOldGen       total 68608K, used 2315K [0x000001522d600000, 0x0000015231900000, 0x0000016782b80000)
  object space 68608K, 3% used [0x000001522d600000,0x000001522d842f08,0x0000015231900000)
 Metaspace       used 7609K, committed 7872K, reserved 1114112K
  class space    used 788K, committed 896K, reserved 1048576K
}
Event: 11.028 GC heap before
{Heap before GC invocations=3 (full 0):
 PSYoungGen      total 29696K, used 29686K [0x0000016782b80000, 0x0000016784c80000, 0x000001722d600000)
  eden space 25600K, 100% used [0x0000016782b80000,0x0000016784480000,0x0000016784480000)
  from space 4096K, 99% used [0x0000016784880000,0x0000016784c7d810,0x0000016784c80000)
  to   space 4096K, 0% used [0x0000016784480000,0x0000016784480000,0x0000016784880000)
 ParOldGen       total 68608K, used 2315K [0x000001522d600000, 0x0000015231900000, 0x0000016782b80000)
  object space 68608K, 3% used [0x000001522d600000,0x000001522d842f08,0x0000015231900000)
 Metaspace       used 11690K, committed 12096K, reserved 1114112K
  class space    used 1251K, committed 1408K, reserved 1048576K
}
Event: 11.040 GC heap after
{Heap after GC invocations=3 (full 0):
 PSYoungGen      total 29696K, used 4067K [0x0000016782b80000, 0x0000016784c80000, 0x000001722d600000)
  eden space 25600K, 0% used [0x0000016782b80000,0x0000016782b80000,0x0000016784480000)
  from space 4096K, 99% used [0x0000016784480000,0x0000016784878cd0,0x0000016784880000)
  to   space 4096K, 0% used [0x0000016784880000,0x0000016784880000,0x0000016784c80000)
 ParOldGen       total 68608K, used 3759K [0x000001522d600000, 0x0000015231900000, 0x0000016782b80000)
  object space 68608K, 5% used [0x000001522d600000,0x000001522d9abc60,0x0000015231900000)
 Metaspace       used 11690K, committed 12096K, reserved 1114112K
  class space    used 1251K, committed 1408K, reserved 1048576K
}
Event: 15.777 GC heap before
{Heap before GC invocations=4 (full 0):
 PSYoungGen      total 29696K, used 29667K [0x0000016782b80000, 0x0000016784c80000, 0x000001722d600000)
  eden space 25600K, 100% used [0x0000016782b80000,0x0000016784480000,0x0000016784480000)
  from space 4096K, 99% used [0x0000016784480000,0x0000016784878cd0,0x0000016784880000)
  to   space 4096K, 0% used [0x0000016784880000,0x0000016784880000,0x0000016784c80000)
 ParOldGen       total 68608K, used 3759K [0x000001522d600000, 0x0000015231900000, 0x0000016782b80000)
  object space 68608K, 5% used [0x000001522d600000,0x000001522d9abc60,0x0000015231900000)
 Metaspace       used 15416K, committed 16000K, reserved 1114112K
  class space    used 1628K, committed 1920K, reserved 1048576K
}
Event: 15.792 GC heap after
{Heap after GC invocations=4 (full 0):
 PSYoungGen      total 29696K, used 4085K [0x0000016782b80000, 0x0000016784c80000, 0x000001722d600000)
  eden space 25600K, 0% used [0x0000016782b80000,0x0000016782b80000,0x0000016784480000)
  from space 4096K, 99% used [0x0000016784880000,0x0000016784c7d700,0x0000016784c80000)
  to   space 4096K, 0% used [0x0000016784480000,0x0000016784480000,0x0000016784880000)
 ParOldGen       total 68608K, used 6091K [0x000001522d600000, 0x0000015231900000, 0x0000016782b80000)
  object space 68608K, 8% used [0x000001522d600000,0x000001522dbf2d40,0x0000015231900000)
 Metaspace       used 15416K, committed 16000K, reserved 1114112K
  class space    used 1628K, committed 1920K, reserved 1048576K
}
Event: 17.116 GC heap before
{Heap before GC invocations=5 (full 0):
 PSYoungGen      total 29696K, used 29685K [0x0000016782b80000, 0x0000016784c80000, 0x000001722d600000)
  eden space 25600K, 100% used [0x0000016782b80000,0x0000016784480000,0x0000016784480000)
  from space 4096K, 99% used [0x0000016784880000,0x0000016784c7d700,0x0000016784c80000)
  to   space 4096K, 0% used [0x0000016784480000,0x0000016784480000,0x0000016784880000)
 ParOldGen       total 68608K, used 6091K [0x000001522d600000, 0x0000015231900000, 0x0000016782b80000)
  object space 68608K, 8% used [0x000001522d600000,0x000001522dbf2d40,0x0000015231900000)
 Metaspace       used 17494K, committed 18240K, reserved 1114112K
  class space    used 1826K, committed 2112K, reserved 1048576K
}
Event: 17.133 GC heap after
{Heap after GC invocations=5 (full 0):
 PSYoungGen      total 29696K, used 4069K [0x0000016782b80000, 0x0000016784c80000, 0x000001722d600000)
  eden space 25600K, 0% used [0x0000016782b80000,0x0000016782b80000,0x0000016784480000)
  from space 4096K, 99% used [0x0000016784480000,0x0000016784879570,0x0000016784880000)
  to   space 4096K, 0% used [0x0000016784880000,0x0000016784880000,0x0000016784c80000)
 ParOldGen       total 68608K, used 8596K [0x000001522d600000, 0x0000015231900000, 0x0000016782b80000)
  object space 68608K, 12% used [0x000001522d600000,0x000001522de652a0,0x0000015231900000)
 Metaspace       used 17494K, committed 18240K, reserved 1114112K
  class space    used 1826K, committed 2112K, reserved 1048576K
}

